<?xml version="1.0" encoding="UTF-8"?>
<!-- Generated by org.testng.reporters.JUnitXMLReporter -->
<testsuite hostname="jakobb-VirtualBox" name="Surefire test" tests="13" failures="0" timestamp="12 Dec 2018 13:16:37 GMT" time="13.857" errors="0">
  <testcase name="test11BasicDecimals on test11BasicDecimals(calculator_jakobbjork.calculator_jakobbjork.TestCalculator)" time="3.55" classname="calculator_jakobbjork.calculator_jakobbjork.TestCalculator"/>
  <testcase name="test10AdvancedInputZero on test10AdvancedInputZero(calculator_jakobbjork.calculator_jakobbjork.TestCalculator)" time="1.051" classname="calculator_jakobbjork.calculator_jakobbjork.TestCalculator"/>
  <testcase name="test9BasicInputZero on test9BasicInputZero(calculator_jakobbjork.calculator_jakobbjork.TestCalculator)" time="0.988" classname="calculator_jakobbjork.calculator_jakobbjork.TestCalculator"/>
  <testcase name="test7AdvancedAllNegative on test7AdvancedAllNegative(calculator_jakobbjork.calculator_jakobbjork.TestCalculator)" time="1.097" classname="calculator_jakobbjork.calculator_jakobbjork.TestCalculator"/>
  <testcase name="test3BasicAllNegative on test3BasicAllNegative(calculator_jakobbjork.calculator_jakobbjork.TestCalculator)" time="0.799" classname="calculator_jakobbjork.calculator_jakobbjork.TestCalculator"/>
  <testcase name="test12AdvancedDecimals on test12AdvancedDecimals(calculator_jakobbjork.calculator_jakobbjork.TestCalculator)" time="0.684" classname="calculator_jakobbjork.calculator_jakobbjork.TestCalculator"/>
  <testcase name="test0BasicAllPositive on test0BasicAllPositive(calculator_jakobbjork.calculator_jakobbjork.TestCalculator)" time="0.771" classname="calculator_jakobbjork.calculator_jakobbjork.TestCalculator"/>
  <testcase name="test8AdvancedAdvFunctions on test8AdvancedAdvFunctions(calculator_jakobbjork.calculator_jakobbjork.TestCalculator)" time="1.284" classname="calculator_jakobbjork.calculator_jakobbjork.TestCalculator"/>
  <testcase name="test2BasicSecondNegative on test2BasicSecondNegative(calculator_jakobbjork.calculator_jakobbjork.TestCalculator)" time="0.681" classname="calculator_jakobbjork.calculator_jakobbjork.TestCalculator"/>
  <testcase name="test4AdvancedAllPositive on test4AdvancedAllPositive(calculator_jakobbjork.calculator_jakobbjork.TestCalculator)" time="0.743" classname="calculator_jakobbjork.calculator_jakobbjork.TestCalculator"/>
  <testcase name="test5AdvancedFirstNegative on test5AdvancedFirstNegative(calculator_jakobbjork.calculator_jakobbjork.TestCalculator)" time="0.842" classname="calculator_jakobbjork.calculator_jakobbjork.TestCalculator"/>
  <testcase name="test1BasicFirstNegative on test1BasicFirstNegative(calculator_jakobbjork.calculator_jakobbjork.TestCalculator)" time="0.678" classname="calculator_jakobbjork.calculator_jakobbjork.TestCalculator"/>
  <testcase name="test6AdvancedSecondNegative on test6AdvancedSecondNegative(calculator_jakobbjork.calculator_jakobbjork.TestCalculator)" time="0.579" classname="calculator_jakobbjork.calculator_jakobbjork.TestCalculator"/>
</testsuite> <!-- Surefire test -->
